<?xml version="1.0" encoding="UTF-8"?>
<coverage generated="1775590808275" clover="3.2.0">
  <project timestamp="1775590808275" name="All files">
    <metrics statements="136" coveredstatements="136" conditionals="39" coveredconditionals="37" methods="5" coveredmethods="5" elements="180" coveredelements="178" complexity="0" loc="136" ncloc="136" packages="1" files="1" classes="1"/>
    <file name="scaffold.ts" path="/Users/jskang/Projects/schift/packages/create-schift/src/scaffold.ts">
      <metrics statements="136" coveredstatements="136" conditionals="39" coveredconditionals="37" methods="5" coveredmethods="5"/>
      <line num="1" count="1" type="stmt"/>
      <line num="7" count="1" type="stmt"/>
      <line num="25" count="122" type="cond" truecount="1" falsecount="0"/>
      <line num="26" count="122" type="stmt"/>
      <line num="27" count="122" type="stmt"/>
      <line num="28" count="122" type="stmt"/>
      <line num="29" count="122" type="stmt"/>
      <line num="30" count="122" type="cond" truecount="1" falsecount="0"/>
      <line num="31" count="366" type="stmt"/>
      <line num="32" count="366" type="stmt"/>
      <line num="33" count="122" type="stmt"/>
      <line num="34" count="122" type="stmt"/>
      <line num="36" count="15" type="cond" truecount="1" falsecount="0"/>
      <line num="37" count="15" type="stmt"/>
      <line num="38" count="15" type="stmt"/>
      <line num="39" count="15" type="stmt"/>
      <line num="40" count="15" type="stmt"/>
      <line num="41" count="15" type="stmt"/>
      <line num="42" count="15" type="stmt"/>
      <line num="43" count="15" type="stmt"/>
      <line num="44" count="15" type="stmt"/>
      <line num="46" count="15" type="cond" truecount="1" falsecount="0"/>
      <line num="47" count="2" type="stmt"/>
      <line num="48" count="2" type="stmt"/>
      <line num="49" count="2" type="stmt"/>
      <line num="50" count="2" type="stmt"/>
      <line num="51" count="2" type="stmt"/>
      <line num="53" count="15" type="stmt"/>
      <line num="54" count="15" type="cond" truecount="1" falsecount="0"/>
      <line num="55" count="15" type="cond" truecount="1" falsecount="0"/>
      <line num="56" count="15" type="cond" truecount="1" falsecount="0"/>
      <line num="57" count="1" type="stmt"/>
      <line num="58" count="1" type="stmt"/>
      <line num="60" count="15" type="stmt"/>
      <line num="61" count="15" type="stmt"/>
      <line num="62" count="15" type="stmt"/>
      <line num="63" count="15" type="stmt"/>
      <line num="64" count="15" type="stmt"/>
      <line num="65" count="15" type="stmt"/>
      <line num="67" count="17" type="cond" truecount="1" falsecount="0"/>
      <line num="68" count="17" type="stmt"/>
      <line num="69" count="17" type="stmt"/>
      <line num="70" count="17" type="stmt"/>
      <line num="71" count="17" type="cond" truecount="0" falsecount="1"/>
      <line num="73" count="17" type="cond" truecount="1" falsecount="0"/>
      <line num="74" count="2" type="stmt"/>
      <line num="75" count="2" type="cond" truecount="1" falsecount="0"/>
      <line num="76" count="1" type="stmt"/>
      <line num="77" count="1" type="stmt"/>
      <line num="78" count="2" type="cond" truecount="1" falsecount="0"/>
      <line num="80" count="16" type="stmt"/>
      <line num="81" count="16" type="stmt"/>
      <line num="83" count="17" type="cond" truecount="1" falsecount="0"/>
      <line num="84" count="1" type="stmt"/>
      <line num="85" count="1" type="cond" truecount="1" falsecount="0"/>
      <line num="87" count="15" type="stmt"/>
      <line num="88" count="15" type="stmt"/>
      <line num="89" count="15" type="stmt"/>
      <line num="90" count="15" type="stmt"/>
      <line num="91" count="15" type="stmt"/>
      <line num="94" count="15" type="stmt"/>
      <line num="97" count="15" type="stmt"/>
      <line num="98" count="15" type="stmt"/>
      <line num="99" count="15" type="stmt"/>
      <line num="100" count="15" type="stmt"/>
      <line num="101" count="15" type="stmt"/>
      <line num="102" count="15" type="stmt"/>
      <line num="103" count="15" type="stmt"/>
      <line num="106" count="15" type="stmt"/>
      <line num="107" count="17" type="cond" truecount="1" falsecount="0"/>
      <line num="108" count="122" type="cond" truecount="2" falsecount="0"/>
      <line num="109" count="107" type="stmt"/>
      <line num="110" count="107" type="stmt"/>
      <line num="111" count="122" type="cond" truecount="1" falsecount="0"/>
      <line num="112" count="47" type="stmt"/>
      <line num="113" count="47" type="stmt"/>
      <line num="114" count="122" type="cond" truecount="1" falsecount="0"/>
      <line num="117" count="15" type="stmt"/>
      <line num="120" count="17" type="cond" truecount="1" falsecount="0"/>
      <line num="121" count="2" type="cond" truecount="1" falsecount="0"/>
      <line num="122" count="1" type="cond" truecount="1" falsecount="0"/>
      <line num="123" count="1" type="stmt"/>
      <line num="124" count="2" type="stmt"/>
      <line num="125" count="2" type="stmt"/>
      <line num="126" count="2" type="stmt"/>
      <line num="127" count="2" type="stmt"/>
      <line num="128" count="2" type="stmt"/>
      <line num="129" count="2" type="stmt"/>
      <line num="130" count="2" type="stmt"/>
      <line num="131" count="2" type="cond" truecount="1" falsecount="0"/>
      <line num="134" count="17" type="cond" truecount="1" falsecount="0"/>
      <line num="135" count="2" type="stmt"/>
      <line num="136" count="2" type="stmt"/>
      <line num="137" count="2" type="stmt"/>
      <line num="138" count="2" type="cond" truecount="1" falsecount="0"/>
      <line num="139" count="1" type="stmt"/>
      <line num="141" count="1" type="stmt"/>
      <line num="144" count="1" type="stmt"/>
      <line num="146" count="1" type="stmt"/>
      <line num="147" count="1" type="stmt"/>
      <line num="148" count="1" type="stmt"/>
      <line num="149" count="2" type="cond" truecount="1" falsecount="0"/>
      <line num="152" count="14" type="stmt"/>
      <line num="155" count="14" type="stmt"/>
      <line num="157" count="17" type="cond" truecount="1" falsecount="0"/>
      <line num="158" count="2" type="stmt"/>
      <line num="159" count="2" type="stmt"/>
      <line num="160" count="17" type="cond" truecount="1" falsecount="0"/>
      <line num="161" count="12" type="stmt"/>
      <line num="162" count="12" type="stmt"/>
      <line num="163" count="12" type="cond" truecount="1" falsecount="0"/>
      <line num="165" count="14" type="stmt"/>
      <line num="166" count="14" type="stmt"/>
      <line num="167" count="14" type="stmt"/>
      <line num="168" count="14" type="stmt"/>
      <line num="170" count="17" type="cond" truecount="2" falsecount="0"/>
      <line num="171" count="1" type="stmt"/>
      <line num="172" count="1" type="stmt"/>
      <line num="173" count="1" type="stmt"/>
      <line num="174" count="1" type="cond" truecount="1" falsecount="0"/>
      <line num="176" count="14" type="stmt"/>
      <line num="177" count="14" type="stmt"/>
      <line num="180" count="47" type="cond" truecount="1" falsecount="0"/>
      <line num="181" count="47" type="stmt"/>
      <line num="182" count="47" type="stmt"/>
      <line num="183" count="47" type="cond" truecount="1" falsecount="0"/>
      <line num="184" count="154" type="stmt"/>
      <line num="185" count="154" type="cond" truecount="0" falsecount="1"/>
      <line num="186" count="154" type="cond" truecount="1" falsecount="0"/>
      <line num="187" count="32" type="stmt"/>
      <line num="188" count="154" type="cond" truecount="1" falsecount="0"/>
      <line num="189" count="122" type="stmt"/>
      <line num="190" count="122" type="stmt"/>
      <line num="191" count="154" type="stmt"/>
      <line num="192" count="47" type="stmt"/>
      <line num="193" count="47" type="stmt"/>
    </file>
  </project>
</coverage>
