{"/Users/jskang/Projects/schift/packages/create-schift/src/scaffold.ts": {"path":"/Users/jskang/Projects/schift/packages/create-schift/src/scaffold.ts","all":false,"statementMap":{"0":{"start":{"line":1,"column":0},"end":{"line":1,"column":26}},"6":{"start":{"line":7,"column":0},"end":{"line":7,"column":63}},"24":{"start":{"line":25,"column":0},"end":{"line":25,"column":29}},"25":{"start":{"line":26,"column":0},"end":{"line":26,"column":18}},"26":{"start":{"line":27,"column":0},"end":{"line":27,"column":31}},"27":{"start":{"line":28,"column":0},"end":{"line":28,"column":11}},"28":{"start":{"line":29,"column":0},"end":{"line":29,"column":23}},"29":{"start":{"line":30,"column":0},"end":{"line":30,"column":52}},"30":{"start":{"line":31,"column":0},"end":{"line":31,"column":52}},"31":{"start":{"line":32,"column":0},"end":{"line":32,"column":3}},"32":{"start":{"line":33,"column":0},"end":{"line":33,"column":16}},"33":{"start":{"line":34,"column":0},"end":{"line":34,"column":1}},"35":{"start":{"line":36,"column":0},"end":{"line":36,"column":76}},"36":{"start":{"line":37,"column":0},"end":{"line":37,"column":49}},"37":{"start":{"line":38,"column":0},"end":{"line":38,"column":22}},"38":{"start":{"line":39,"column":0},"end":{"line":39,"column":12}},"39":{"start":{"line":40,"column":0},"end":{"line":40,"column":24}},"40":{"start":{"line":41,"column":0},"end":{"line":41,"column":27}},"41":{"start":{"line":42,"column":0},"end":{"line":42,"column":54}},"42":{"start":{"line":43,"column":0},"end":{"line":43,"column":6}},"43":{"start":{"line":44,"column":0},"end":{"line":44,"column":4}},"45":{"start":{"line":46,"column":0},"end":{"line":46,"column":28}},"46":{"start":{"line":47,"column":0},"end":{"line":47,"column":24}},"47":{"start":{"line":48,"column":0},"end":{"line":48,"column":36}},"48":{"start":{"line":49,"column":0},"end":{"line":49,"column":35}},"49":{"start":{"line":50,"column":0},"end":{"line":50,"column":6}},"50":{"start":{"line":51,"column":0},"end":{"line":51,"column":3}},"52":{"start":{"line":53,"column":0},"end":{"line":53,"column":50}},"53":{"start":{"line":54,"column":0},"end":{"line":54,"column":58}},"54":{"start":{"line":55,"column":0},"end":{"line":55,"column":67}},"55":{"start":{"line":56,"column":0},"end":{"line":56,"column":45}},"56":{"start":{"line":57,"column":0},"end":{"line":57,"column":45}},"57":{"start":{"line":58,"column":0},"end":{"line":58,"column":3}},"59":{"start":{"line":60,"column":0},"end":{"line":60,"column":19}},"60":{"start":{"line":61,"column":0},"end":{"line":61,"column":47}},"61":{"start":{"line":62,"column":0},"end":{"line":62,"column":17}},"62":{"start":{"line":63,"column":0},"end":{"line":63,"column":18}},"63":{"start":{"line":64,"column":0},"end":{"line":64,"column":4}},"64":{"start":{"line":65,"column":0},"end":{"line":65,"column":1}},"66":{"start":{"line":67,"column":0},"end":{"line":67,"column":31}},"67":{"start":{"line":68,"column":0},"end":{"line":68,"column":24}},"68":{"start":{"line":69,"column":0},"end":{"line":69,"column":32}},"69":{"start":{"line":70,"column":0},"end":{"line":70,"column":18}},"70":{"start":{"line":71,"column":0},"end":{"line":71,"column":82}},"72":{"start":{"line":73,"column":0},"end":{"line":73,"column":39}},"73":{"start":{"line":74,"column":0},"end":{"line":74,"column":46}},"74":{"start":{"line":75,"column":0},"end":{"line":75,"column":27}},"75":{"start":{"line":76,"column":0},"end":{"line":76,"column":84}},"76":{"start":{"line":77,"column":0},"end":{"line":77,"column":5}},"77":{"start":{"line":78,"column":0},"end":{"line":78,"column":3}},"79":{"start":{"line":80,"column":0},"end":{"line":80,"column":41}},"80":{"start":{"line":81,"column":0},"end":{"line":81,"column":63}},"82":{"start":{"line":83,"column":0},"end":{"line":83,"column":44}},"83":{"start":{"line":84,"column":0},"end":{"line":84,"column":63}},"84":{"start":{"line":85,"column":0},"end":{"line":85,"column":3}},"86":{"start":{"line":87,"column":0},"end":{"line":87,"column":40}},"87":{"start":{"line":88,"column":0},"end":{"line":88,"column":30}},"88":{"start":{"line":89,"column":0},"end":{"line":89,"column":30}},"89":{"start":{"line":90,"column":0},"end":{"line":90,"column":27}},"90":{"start":{"line":91,"column":0},"end":{"line":91,"column":4}},"93":{"start":{"line":94,"column":0},"end":{"line":94,"column":40}},"96":{"start":{"line":97,"column":0},"end":{"line":97,"column":58}},"97":{"start":{"line":98,"column":0},"end":{"line":98,"column":47}},"98":{"start":{"line":99,"column":0},"end":{"line":99,"column":40}},"99":{"start":{"line":100,"column":0},"end":{"line":100,"column":62}},"100":{"start":{"line":101,"column":0},"end":{"line":101,"column":63}},"101":{"start":{"line":102,"column":0},"end":{"line":102,"column":46}},"102":{"start":{"line":103,"column":0},"end":{"line":103,"column":3}},"105":{"start":{"line":106,"column":0},"end":{"line":106,"column":48}},"106":{"start":{"line":107,"column":0},"end":{"line":107,"column":36}},"107":{"start":{"line":108,"column":0},"end":{"line":108,"column":61}},"108":{"start":{"line":109,"column":0},"end":{"line":109,"column":57}},"109":{"start":{"line":110,"column":0},"end":{"line":110,"column":57}},"110":{"start":{"line":111,"column":0},"end":{"line":111,"column":32}},"111":{"start":{"line":112,"column":0},"end":{"line":112,"column":46}},"112":{"start":{"line":113,"column":0},"end":{"line":113,"column":5}},"113":{"start":{"line":114,"column":0},"end":{"line":114,"column":3}},"116":{"start":{"line":117,"column":0},"end":{"line":117,"column":39}},"119":{"start":{"line":120,"column":0},"end":{"line":120,"column":28}},"120":{"start":{"line":121,"column":0},"end":{"line":121,"column":59}},"121":{"start":{"line":122,"column":0},"end":{"line":122,"column":27}},"122":{"start":{"line":123,"column":0},"end":{"line":123,"column":53}},"123":{"start":{"line":124,"column":0},"end":{"line":124,"column":37}},"124":{"start":{"line":125,"column":0},"end":{"line":125,"column":37}},"125":{"start":{"line":126,"column":0},"end":{"line":126,"column":25}},"126":{"start":{"line":127,"column":0},"end":{"line":127,"column":42}},"127":{"start":{"line":128,"column":0},"end":{"line":128,"column":74}},"128":{"start":{"line":129,"column":0},"end":{"line":129,"column":8}},"129":{"start":{"line":130,"column":0},"end":{"line":130,"column":5}},"130":{"start":{"line":131,"column":0},"end":{"line":131,"column":3}},"133":{"start":{"line":134,"column":0},"end":{"line":134,"column":29}},"134":{"start":{"line":135,"column":0},"end":{"line":135,"column":52}},"135":{"start":{"line":136,"column":0},"end":{"line":136,"column":9}},"136":{"start":{"line":137,"column":0},"end":{"line":137,"column":68}},"137":{"start":{"line":138,"column":0},"end":{"line":138,"column":13}},"138":{"start":{"line":139,"column":0},"end":{"line":139,"column":21}},"140":{"start":{"line":141,"column":0},"end":{"line":141,"column":16}},"143":{"start":{"line":144,"column":0},"end":{"line":144,"column":21}},"145":{"start":{"line":146,"column":0},"end":{"line":146,"column":3}},"146":{"start":{"line":147,"column":0},"end":{"line":147,"column":13}},"147":{"start":{"line":148,"column":0},"end":{"line":148,"column":5}},"148":{"start":{"line":149,"column":0},"end":{"line":149,"column":3}},"151":{"start":{"line":152,"column":0},"end":{"line":152,"column":15}},"154":{"start":{"line":155,"column":0},"end":{"line":155,"column":24}},"156":{"start":{"line":157,"column":0},"end":{"line":157,"column":28}},"157":{"start":{"line":158,"column":0},"end":{"line":158,"column":71}},"158":{"start":{"line":159,"column":0},"end":{"line":159,"column":77}},"159":{"start":{"line":160,"column":0},"end":{"line":160,"column":10}},"160":{"start":{"line":161,"column":0},"end":{"line":161,"column":71}},"161":{"start":{"line":162,"column":0},"end":{"line":162,"column":71}},"162":{"start":{"line":163,"column":0},"end":{"line":163,"column":3}},"164":{"start":{"line":165,"column":0},"end":{"line":165,"column":28}},"165":{"start":{"line":166,"column":0},"end":{"line":166,"column":81}},"166":{"start":{"line":167,"column":0},"end":{"line":167,"column":132}},"167":{"start":{"line":168,"column":0},"end":{"line":168,"column":92}},"169":{"start":{"line":170,"column":0},"end":{"line":170,"column":49}},"170":{"start":{"line":171,"column":0},"end":{"line":171,"column":70}},"171":{"start":{"line":172,"column":0},"end":{"line":172,"column":56}},"172":{"start":{"line":173,"column":0},"end":{"line":173,"column":62}},"173":{"start":{"line":174,"column":0},"end":{"line":174,"column":3}},"175":{"start":{"line":176,"column":0},"end":{"line":176,"column":16}},"176":{"start":{"line":177,"column":0},"end":{"line":177,"column":1}},"179":{"start":{"line":180,"column":0},"end":{"line":180,"column":60}},"180":{"start":{"line":181,"column":0},"end":{"line":181,"column":65}},"181":{"start":{"line":182,"column":0},"end":{"line":182,"column":29}},"182":{"start":{"line":183,"column":0},"end":{"line":183,"column":32}},"183":{"start":{"line":184,"column":0},"end":{"line":184,"column":48}},"184":{"start":{"line":185,"column":0},"end":{"line":185,"column":73}},"185":{"start":{"line":186,"column":0},"end":{"line":186,"column":30}},"186":{"start":{"line":187,"column":0},"end":{"line":187,"column":51}},"187":{"start":{"line":188,"column":0},"end":{"line":188,"column":12}},"188":{"start":{"line":189,"column":0},"end":{"line":189,"column":27}},"189":{"start":{"line":190,"column":0},"end":{"line":190,"column":5}},"190":{"start":{"line":191,"column":0},"end":{"line":191,"column":3}},"191":{"start":{"line":192,"column":0},"end":{"line":192,"column":15}},"192":{"start":{"line":193,"column":0},"end":{"line":193,"column":1}}},"s":{"0":1,"6":1,"24":122,"25":122,"26":122,"27":122,"28":122,"29":122,"30":366,"31":366,"32":122,"33":122,"35":15,"36":15,"37":15,"38":15,"39":15,"40":15,"41":15,"42":15,"43":15,"45":15,"46":2,"47":2,"48":2,"49":2,"50":2,"52":15,"53":15,"54":15,"55":15,"56":1,"57":1,"59":15,"60":15,"61":15,"62":15,"63":15,"64":15,"66":17,"67":17,"68":17,"69":17,"70":17,"72":17,"73":2,"74":2,"75":1,"76":1,"77":2,"79":16,"80":16,"82":17,"83":1,"84":1,"86":15,"87":15,"88":15,"89":15,"90":15,"93":15,"96":15,"97":15,"98":15,"99":15,"100":15,"101":15,"102":15,"105":15,"106":17,"107":122,"108":107,"109":107,"110":122,"111":47,"112":47,"113":122,"116":15,"119":17,"120":2,"121":1,"122":1,"123":2,"124":2,"125":2,"126":2,"127":2,"128":2,"129":2,"130":2,"133":17,"134":2,"135":2,"136":2,"137":2,"138":1,"140":1,"143":1,"145":1,"146":1,"147":1,"148":2,"151":14,"154":14,"156":17,"157":2,"158":2,"159":17,"160":12,"161":12,"162":12,"164":14,"165":14,"166":14,"167":14,"169":17,"170":1,"171":1,"172":1,"173":1,"175":14,"176":14,"179":47,"180":47,"181":47,"182":47,"183":154,"184":154,"185":154,"186":32,"187":154,"188":122,"189":122,"190":154,"191":47,"192":47},"branchMap":{"0":{"type":"branch","line":15,"loc":{"start":{"line":15,"column":0},"end":{"line":21,"column":1}},"locations":[{"start":{"line":15,"column":0},"end":{"line":21,"column":1}}]},"1":{"type":"branch","line":18,"loc":{"start":{"line":18,"column":38},"end":{"line":21,"column":1}},"locations":[{"start":{"line":18,"column":38},"end":{"line":21,"column":1}}]},"2":{"type":"branch","line":25,"loc":{"start":{"line":25,"column":0},"end":{"line":34,"column":1}},"locations":[{"start":{"line":25,"column":0},"end":{"line":34,"column":1}}]},"3":{"type":"branch","line":30,"loc":{"start":{"line":30,"column":51},"end":{"line":32,"column":3}},"locations":[{"start":{"line":30,"column":51},"end":{"line":32,"column":3}}]},"4":{"type":"branch","line":36,"loc":{"start":{"line":36,"column":0},"end":{"line":65,"column":1}},"locations":[{"start":{"line":36,"column":0},"end":{"line":65,"column":1}}]},"5":{"type":"branch","line":46,"loc":{"start":{"line":46,"column":27},"end":{"line":51,"column":3}},"locations":[{"start":{"line":46,"column":27},"end":{"line":51,"column":3}}]},"6":{"type":"branch","line":54,"loc":{"start":{"line":54,"column":26},"end":{"line":54,"column":58}},"locations":[{"start":{"line":54,"column":26},"end":{"line":54,"column":58}}]},"7":{"type":"branch","line":55,"loc":{"start":{"line":55,"column":26},"end":{"line":55,"column":67}},"locations":[{"start":{"line":55,"column":26},"end":{"line":55,"column":67}}]},"8":{"type":"branch","line":56,"loc":{"start":{"line":56,"column":44},"end":{"line":58,"column":3}},"locations":[{"start":{"line":56,"column":44},"end":{"line":58,"column":3}}]},"9":{"type":"branch","line":67,"loc":{"start":{"line":67,"column":0},"end":{"line":177,"column":1}},"locations":[{"start":{"line":67,"column":0},"end":{"line":177,"column":1}}]},"10":{"type":"branch","line":71,"loc":{"start":{"line":71,"column":28},"end":{"line":71,"column":82}},"locations":[{"start":{"line":71,"column":28},"end":{"line":71,"column":82}}]},"11":{"type":"branch","line":73,"loc":{"start":{"line":73,"column":38},"end":{"line":78,"column":3}},"locations":[{"start":{"line":73,"column":38},"end":{"line":78,"column":3}}]},"12":{"type":"branch","line":75,"loc":{"start":{"line":75,"column":26},"end":{"line":77,"column":5}},"locations":[{"start":{"line":75,"column":26},"end":{"line":77,"column":5}}]},"13":{"type":"branch","line":78,"loc":{"start":{"line":78,"column":2},"end":{"line":83,"column":43}},"locations":[{"start":{"line":78,"column":2},"end":{"line":83,"column":43}}]},"14":{"type":"branch","line":83,"loc":{"start":{"line":83,"column":43},"end":{"line":85,"column":3}},"locations":[{"start":{"line":83,"column":43},"end":{"line":85,"column":3}}]},"15":{"type":"branch","line":85,"loc":{"start":{"line":85,"column":2},"end":{"line":107,"column":35}},"locations":[{"start":{"line":85,"column":2},"end":{"line":107,"column":35}}]},"16":{"type":"branch","line":107,"loc":{"start":{"line":107,"column":35},"end":{"line":114,"column":3}},"locations":[{"start":{"line":107,"column":35},"end":{"line":114,"column":3}}]},"17":{"type":"branch","line":108,"loc":{"start":{"line":108,"column":52},"end":{"line":108,"column":61}},"locations":[{"start":{"line":108,"column":52},"end":{"line":108,"column":61}}]},"18":{"type":"branch","line":108,"loc":{"start":{"line":108,"column":52},"end":{"line":111,"column":31}},"locations":[{"start":{"line":108,"column":52},"end":{"line":111,"column":31}}]},"19":{"type":"branch","line":111,"loc":{"start":{"line":111,"column":31},"end":{"line":113,"column":5}},"locations":[{"start":{"line":111,"column":31},"end":{"line":113,"column":5}}]},"20":{"type":"branch","line":114,"loc":{"start":{"line":114,"column":2},"end":{"line":120,"column":27}},"locations":[{"start":{"line":114,"column":2},"end":{"line":120,"column":27}}]},"21":{"type":"branch","line":120,"loc":{"start":{"line":120,"column":27},"end":{"line":131,"column":3}},"locations":[{"start":{"line":120,"column":27},"end":{"line":131,"column":3}}]},"22":{"type":"branch","line":121,"loc":{"start":{"line":121,"column":58},"end":{"line":122,"column":27}},"locations":[{"start":{"line":121,"column":58},"end":{"line":122,"column":27}}]},"23":{"type":"branch","line":122,"loc":{"start":{"line":122,"column":15},"end":{"line":123,"column":53}},"locations":[{"start":{"line":122,"column":15},"end":{"line":123,"column":53}}]},"24":{"type":"branch","line":131,"loc":{"start":{"line":131,"column":2},"end":{"line":134,"column":28}},"locations":[{"start":{"line":131,"column":2},"end":{"line":134,"column":28}}]},"25":{"type":"branch","line":134,"loc":{"start":{"line":134,"column":28},"end":{"line":149,"column":3}},"locations":[{"start":{"line":134,"column":28},"end":{"line":149,"column":3}}]},"26":{"type":"branch","line":138,"loc":{"start":{"line":138,"column":4},"end":{"line":148,"column":5}},"locations":[{"start":{"line":138,"column":4},"end":{"line":148,"column":5}}]},"27":{"type":"branch","line":149,"loc":{"start":{"line":149,"column":2},"end":{"line":157,"column":27}},"locations":[{"start":{"line":149,"column":2},"end":{"line":157,"column":27}}]},"28":{"type":"branch","line":157,"loc":{"start":{"line":157,"column":27},"end":{"line":160,"column":9}},"locations":[{"start":{"line":157,"column":27},"end":{"line":160,"column":9}}]},"29":{"type":"branch","line":160,"loc":{"start":{"line":160,"column":2},"end":{"line":163,"column":3}},"locations":[{"start":{"line":160,"column":2},"end":{"line":163,"column":3}}]},"30":{"type":"branch","line":163,"loc":{"start":{"line":163,"column":2},"end":{"line":170,"column":28}},"locations":[{"start":{"line":163,"column":2},"end":{"line":170,"column":28}}]},"31":{"type":"branch","line":170,"loc":{"start":{"line":170,"column":13},"end":{"line":170,"column":48}},"locations":[{"start":{"line":170,"column":13},"end":{"line":170,"column":48}}]},"32":{"type":"branch","line":170,"loc":{"start":{"line":170,"column":48},"end":{"line":174,"column":3}},"locations":[{"start":{"line":170,"column":48},"end":{"line":174,"column":3}}]},"33":{"type":"branch","line":174,"loc":{"start":{"line":174,"column":2},"end":{"line":177,"column":1}},"locations":[{"start":{"line":174,"column":2},"end":{"line":177,"column":1}}]},"34":{"type":"branch","line":180,"loc":{"start":{"line":180,"column":0},"end":{"line":193,"column":1}},"locations":[{"start":{"line":180,"column":0},"end":{"line":193,"column":1}}]},"35":{"type":"branch","line":183,"loc":{"start":{"line":183,"column":31},"end":{"line":191,"column":3}},"locations":[{"start":{"line":183,"column":31},"end":{"line":191,"column":3}}]},"36":{"type":"branch","line":185,"loc":{"start":{"line":185,"column":64},"end":{"line":185,"column":73}},"locations":[{"start":{"line":185,"column":64},"end":{"line":185,"column":73}}]},"37":{"type":"branch","line":186,"loc":{"start":{"line":186,"column":29},"end":{"line":188,"column":11}},"locations":[{"start":{"line":186,"column":29},"end":{"line":188,"column":11}}]},"38":{"type":"branch","line":188,"loc":{"start":{"line":188,"column":4},"end":{"line":190,"column":5}},"locations":[{"start":{"line":188,"column":4},"end":{"line":190,"column":5}}]}},"b":{"0":[1],"1":[1],"2":[122],"3":[366],"4":[15],"5":[2],"6":[1],"7":[1],"8":[1],"9":[17],"10":[0],"11":[2],"12":[1],"13":[16],"14":[1],"15":[15],"16":[122],"17":[15],"18":[107],"19":[47],"20":[15],"21":[2],"22":[1],"23":[1],"24":[15],"25":[2],"26":[1],"27":[14],"28":[2],"29":[12],"30":[14],"31":[13],"32":[1],"33":[14],"34":[47],"35":[154],"36":[0],"37":[32],"38":[122]},"fnMap":{"0":{"name":"getTemplatesDir","decl":{"start":{"line":15,"column":0},"end":{"line":21,"column":1}},"loc":{"start":{"line":15,"column":0},"end":{"line":21,"column":1}},"line":15},"1":{"name":"replacePlaceholders","decl":{"start":{"line":25,"column":0},"end":{"line":34,"column":1}},"loc":{"start":{"line":25,"column":0},"end":{"line":34,"column":1}},"line":25},"2":{"name":"writeSchiftConfig","decl":{"start":{"line":36,"column":0},"end":{"line":65,"column":1}},"loc":{"start":{"line":36,"column":0},"end":{"line":65,"column":1}},"line":36},"3":{"name":"scaffold","decl":{"start":{"line":67,"column":0},"end":{"line":177,"column":1}},"loc":{"start":{"line":67,"column":0},"end":{"line":177,"column":1}},"line":67},"4":{"name":"getAllFiles","decl":{"start":{"line":180,"column":0},"end":{"line":193,"column":1}},"loc":{"start":{"line":180,"column":0},"end":{"line":193,"column":1}},"line":180}},"f":{"0":1,"1":122,"2":15,"3":17,"4":47}}
}
